03/18/2020 17:11:26 - WARNING - __main__ -   Process rank: -1, device: cuda, n_gpu: 1, distributed training: False, 16-bits training: False
03/18/2020 17:11:26 - INFO - bert_fineturn.configuration_utils -   loading configuration file ../model/pytorch_bert_base_uncased/config.json
03/18/2020 17:11:26 - INFO - bert_fineturn.configuration_utils -   Model config BertConfig {
  "_num_labels": 2,
  "architectures": null,
  "attention_probs_dropout_prob": 0.1,
  "bos_token_id": null,
  "do_sample": false,
  "early_stopping": false,
  "eos_token_ids": null,
  "finetuning_task": "cola",
  "hidden_act": "gelu",
  "hidden_dropout_prob": 0.1,
  "hidden_size": 768,
  "id2label": {
    "0": "LABEL_0",
    "1": "LABEL_1"
  },
  "initializer_range": 0.02,
  "intermediate_size": 3072,
  "is_decoder": false,
  "is_encoder_decoder": false,
  "label2id": {
    "LABEL_0": 0,
    "LABEL_1": 1
  },
  "layer_norm_eps": 1e-12,
  "length_penalty": 1.0,
  "max_length": 20,
  "max_position_embeddings": 512,
  "min_length": 0,
  "model_type": "bert",
  "no_repeat_ngram_size": 0,
  "num_attention_heads": 12,
  "num_beams": 1,
  "num_hidden_layers": 12,
  "num_return_sequences": 1,
  "output_attentions": false,
  "output_hidden_states": false,
  "output_past": true,
  "pad_token_id": null,
  "pruned_heads": {},
  "repetition_penalty": 1.0,
  "temperature": 1.0,
  "top_k": 50,
  "top_p": 1.0,
  "torchscript": false,
  "type_vocab_size": 2,
  "use_bfloat16": false,
  "vocab_size": 30522
}

03/18/2020 17:11:26 - INFO - bert_fineturn.tokenization_utils -   Model name '../model/pytorch_bert_base_uncased/' not found in model shortcut name list (bert-base-uncased, bert-large-uncased, bert-base-cased, bert-large-cased, bert-base-multilingual-uncased, bert-base-multilingual-cased, bert-base-chinese, bert-base-german-cased, bert-large-uncased-whole-word-masking, bert-large-cased-whole-word-masking, bert-large-uncased-whole-word-masking-finetuned-squad, bert-large-cased-whole-word-masking-finetuned-squad, bert-base-cased-finetuned-mrpc, bert-base-german-dbmdz-cased, bert-base-german-dbmdz-uncased, bert-base-finnish-cased-v1, bert-base-finnish-uncased-v1, bert-base-dutch-cased). Assuming '../model/pytorch_bert_base_uncased/' is a path, a model identifier, or url to a directory containing tokenizer files.
03/18/2020 17:11:26 - INFO - bert_fineturn.tokenization_utils -   Didn't find file ../model/pytorch_bert_base_uncased/added_tokens.json. We won't load it.
03/18/2020 17:11:26 - INFO - bert_fineturn.tokenization_utils -   Didn't find file ../model/pytorch_bert_base_uncased/special_tokens_map.json. We won't load it.
03/18/2020 17:11:26 - INFO - bert_fineturn.tokenization_utils -   Didn't find file ../model/pytorch_bert_base_uncased/tokenizer_config.json. We won't load it.
03/18/2020 17:11:26 - INFO - bert_fineturn.tokenization_utils -   loading file ../model/pytorch_bert_base_uncased/vocab.txt
03/18/2020 17:11:26 - INFO - bert_fineturn.tokenization_utils -   loading file None
03/18/2020 17:11:26 - INFO - bert_fineturn.tokenization_utils -   loading file None
03/18/2020 17:11:26 - INFO - bert_fineturn.tokenization_utils -   loading file None
03/18/2020 17:11:26 - INFO - bert_fineturn.modeling_utils -   loading weights file ../model/pytorch_bert_base_uncased/pytorch_model.bin
Traceback (most recent call last):
  File "run_glue.py", line 747, in <module>
    main()
  File "run_glue.py", line 676, in main
    cache_dir=args.cache_dir if args.cache_dir else None,
  File "/disk2/zhh/TinyBERT/bert_fineturn/modeling_utils.py", line 466, in from_pretrained
    model = cls(config, *model_args, **model_kwargs)
  File "/disk2/zhh/TinyBERT/bert_fineturn/modeling_bert.py", line 1112, in __init__
    self.bert = BertModel(config)
  File "/disk2/zhh/TinyBERT/bert_fineturn/modeling_bert.py", line 619, in __init__
    self.init_weights()
  File "/disk2/zhh/TinyBERT/bert_fineturn/modeling_utils.py", line 253, in init_weights
    self.apply(self._init_weights)
  File "/root/anaconda3/envs/pytorch/lib/python3.6/site-packages/torch/nn/modules/module.py", line 242, in apply
    module.apply(fn)
  File "/root/anaconda3/envs/pytorch/lib/python3.6/site-packages/torch/nn/modules/module.py", line 242, in apply
    module.apply(fn)
  File "/root/anaconda3/envs/pytorch/lib/python3.6/site-packages/torch/nn/modules/module.py", line 243, in apply
    fn(self)
  File "/disk2/zhh/TinyBERT/bert_fineturn/modeling_bert.py", line 525, in _init_weights
    module.weight.data.normal_(mean=0.0, std=self.config.initializer_range)
KeyboardInterrupt
